28/06/2022 11:43:59 - Error:Error inAutoloadModules
28/06/2022 11:44:27 - Error:Error inAutoloadModules
28/06/2022 11:46:00 - Error:Error inAutoloadModules
28/06/2022 11:46:44 - Error:Error inAutoloadModules
28/06/2022 11:47:34 - Error:Error inAutoloadModules
28/06/2022 11:50:24 - Error:Error inAutoloadModules
28/06/2022 11:51:50 - Error:Error inAutoloadModules
28/06/2022 11:51:58 - Error:Error inAutoloadModules
28/06/2022 11:52:04 - Error:Error inAutoloadModules
28/06/2022 12:02:01 - Error:Error inAutoloadModules
28/06/2022 12:02:53 - Error:Error inExportModules
28/06/2022 12:10:06 - Error:Error inAutoloadModules
28/06/2022 12:15:37 - DEBUG:Import VBA Files Finish
28/06/2022 12:16:00 - DEBUG:Import VBA Files Finish
28/06/2022 12:48:25 - DEBUG:Import VBA Files Finish
28/06/2022 13:33:28 - DEBUG:Import VBA Files Finish
28/06/2022 14:23:35 - DEBUG:Import VBA Files Finish
28/06/2022 14:52:51 - DEBUG:Import VBA Files Finish
28/06/2022 19:55:32 - DEBUG:Import VBA Files Finish
28/06/2022 19:56:46 - DEBUG:Import VBA Files Finish
28/06/2022 20:09:03 - DEBUG:Import VBA Files Finish
29/06/2022 11:16:48 - DEBUG:Import VBA Files Finish
29/06/2022 11:42:19 - DEBUG:Import VBA Files Finish
29/06/2022 11:45:33 - DEBUG:Import VBA Files Finish
29/06/2022 11:46:26 - DEBUG:Import VBA Files Finish
29/06/2022 11:48:46 - DEBUG:Import VBA Files Finish
29/06/2022 11:59:14 - DEBUG:Import VBA Files Finish
29/06/2022 12:02:57 - DEBUG:Import VBA Files Finish
29/06/2022 12:05:14 - DEBUG:Import VBA Files Finish
29/06/2022 12:10:39 - DEBUG:Import VBA Files Finish
29/06/2022 12:16:26 - DEBUG:Import VBA Files Finish
29/06/2022 12:20:40 - DEBUG:Import VBA Files Finish
29/06/2022 12:27:05 - DEBUG:Import VBA Files Finish
30/06/2022 10:52:14 - Error:Error inExportModules
30/06/2022 10:58:54 - DEBUG:Import VBA Files Finish
30/06/2022 18:11:15 - DEBUG:Import VBA Files Finish
30/06/2022 18:51:02 - DEBUG:Import VBA Files Finish
30/06/2022 18:51:22 - DEBUG:Import VBA Files Finish
7/5/2022 12:36:25 PM - DEBUG:Import VBA Files Finish
13/07/2022 18:17:31 - DEBUG:Import VBA Files Finish
20/07/2022 14:31:20 - DEBUG:Import VBA Files Finish
20/07/2022 21:00:08 - DEBUG:Import VBA Files Finish
7/24/2022 9:38:40 PM - DEBUG:Import VBA Files Finish
7/24/2022 9:42:51 PM - DEBUG:Import VBA Files Finish
7/24/2022 9:46:37 PM - DEBUG:Import VBA Files Finish
7/24/2022 9:53:17 PM - DEBUG:Import VBA Files Finish
7/24/2022 9:56:16 PM - DEBUG:Import VBA Files Finish
7/24/2022 9:57:25 PM - DEBUG:Import VBA Files Finish
7/24/2022 10:02:19 PM - DEBUG:Import VBA Files Finish
7/24/2022 10:18:11 PM - Error:Error inExportModules
7/24/2022 10:21:22 PM - DEBUG:Import VBA Files Finish
7/24/2022 10:32:37 PM - DEBUG:Import VBA Files Finish
7/24/2022 10:38:29 PM - DEBUG:Import VBA Files Finish
7/24/2022 10:38:46 PM - DEBUG:Import VBA Files Finish
7/24/2022 11:55:40 PM - DEBUG:Import VBA Files Finish
7/24/2022 11:57:52 PM - DEBUG:Import VBA Files Finish
7/25/2022 1:20:59 AM - DEBUG:Import VBA Files Finish
7/25/2022 1:21:18 AM - DEBUG:Import VBA Files Finish
29/07/2022 21:15:47 - DEBUG:Import VBA Files Finish
29/07/2022 21:28:40 - DEBUG:Import VBA Files Finish
07/09/2022 14:16:48 - DEBUG:Import VBA Files Finish
19/09/2022 13:56:25 - DEBUG:Import VBA Files Finish
19/09/2022 13:56:39 - DEBUG:Import VBA Files Finish
19/09/2022 14:20:25 - DEBUG:Import VBA Files Finish
20/09/2022 08:51:26 - DEBUG:Import VBA Files Finish
20/09/2022 13:05:53 - DEBUG:Import VBA Files Finish
28/09/2022 07:48:48 - DEBUG:Import VBA Files Finish
28/09/2022 08:02:08 - DEBUG:Import VBA Files Finish
28/09/2022 08:07:40 - DEBUG:Import VBA Files Finish
28/09/2022 08:12:09 - DEBUG:Import VBA Files Finish
28/09/2022 08:21:35 - DEBUG:Import VBA Files Finish
28/09/2022 08:28:04 - DEBUG:Import VBA Files Finish
28/09/2022 08:38:33 - DEBUG:Import VBA Files Finish
28/09/2022 09:05:00 - DEBUG:Import VBA Files Finish
29/09/2022 13:36:21 - DEBUG:Import VBA Files Finish
